Uploads folder is ready
Server running on http://localhost:3005
[API] POST /api/login -> 200 (460ms)
[API] POST /api/update-project -> 200 (335ms)
[API] POST /api/update-project -> 200 (240ms)
[API] GET /api/search?q=Crud -> 200 (106ms)
[API] GET /api/jobs/client/12 -> 200 (104ms)
[API] POST /api/jobs -> 200 (129ms)
[API] POST /api/jobs -> 200 (101ms)
[API] GET /api/jobs/client/12 -> 200 (69ms)
[API] POST /api/jobs/3 -> 404 (0ms)
[API] GET /api/jobs/3 -> 200 (92ms)
[API] GET /api/jobs/3 -> 200 (247ms)
[API] POST /api/login -> 200 (178ms)
[API] GET /api/jobs/3 -> 200 (61ms)
[API] PUT /api/jobs/3 -> 200 (96ms)
[API] GET /api/jobs/3 -> 200 (46ms)
[API] POST /api/login -> 200 (159ms)
[API] DELETE /api/jobs/2 -> 200 (49ms)
[API] DELETE /api/jobs/3 -> 200 (46ms)
[API] POST /api/delete-client -> 200 (290ms)
[API] POST /api/delete-client -> 200 (237ms)
[API] GET /api/search?q=Crud -> 200 (96ms)
