Uploads folder is ready
Server running on http://localhost:3004
[API] GET /api/pdf/list/localtest -> 401 (3ms)
[API] POST /api/login -> 200 (372ms)
[API] POST /api/pdf/upload/localtest -> 200 (10ms)
[API] GET /api/pdf/list/localtest -> 200 (2ms)
[API] DELETE /api/pdf/delete/localtest/1780519105405-temp-upload-test.pdf -> 200 (2ms)
[API] GET /api/pdf/list/localtest -> 200 (3ms)
[API] POST /api/login -> 200 (465ms)
[API] GET /api/search?q=Crud -> 200 (210ms)
[API] GET /api/search?q=Crud -> 200 (208ms)
[API] POST /api/save-client -> 200 (395ms)
[API] POST /api/save-client -> 200 (293ms)
[API] GET /api/search?q=Crud -> 200 (104ms)
[API] POST /api/update-project -> 200 (356ms)
[API] GET /api/search?q=Crud -> 200 (140ms)
[API] POST /api/update-project -> 200 (479ms)
[API] GET /api/search?q=Crud -> 200 (93ms)
[API] POST /api/update-project -> 200 (461ms)
[API] GET /api/search?q=Crud -> 200 (95ms)
[API] GET /api/search?q= -> 200 (109ms)
